{"/root/reopt/test.js":{"path":"/root/reopt/test.js","s":{"1":1,"2":1,"3":1,"4":1,"5":1,"6":1,"7":5,"8":5,"9":1,"10":1,"11":1,"12":1,"13":1,"14":1,"15":1,"16":1,"17":1,"18":1,"19":1,"20":1,"21":1,"22":1,"23":1,"24":1,"25":1,"26":1,"27":1},"b":{},"f":{"1":5,"2":1,"3":1,"4":1,"5":1,"6":1,"7":1},"fnMap":{"1":{"name":"request","line":18,"loc":{"start":{"line":18,"column":0},"end":{"line":18,"column":19}}},"2":{"name":"(anonymous_2)","line":25,"loc":{"start":{"line":25,"column":22},"end":{"line":25,"column":33}}},"3":{"name":"(anonymous_3)","line":26,"loc":{"start":{"line":26,"column":20},"end":{"line":26,"column":31}}},"4":{"name":"(anonymous_4)","line":34,"loc":{"start":{"line":34,"column":11},"end":{"line":34,"column":22}}},"5":{"name":"(anonymous_5)","line":39,"loc":{"start":{"line":39,"column":20},"end":{"line":39,"column":31}}},"6":{"name":"(anonymous_6)","line":52,"loc":{"start":{"line":52,"column":11},"end":{"line":52,"column":22}}},"7":{"name":"(anonymous_7)","line":61,"loc":{"start":{"line":61,"column":39},"end":{"line":61,"column":50}}}},"statementMap":{"1":{"start":{"line":1,"column":0},"end":{"line":1,"column":30}},"2":{"start":{"line":2,"column":0},"end":{"line":2,"column":25}},"3":{"start":{"line":3,"column":0},"end":{"line":3,"column":27}},"4":{"start":{"line":5,"column":0},"end":{"line":5,"column":13}},"5":{"start":{"line":7,"column":0},"end":{"line":16,"column":2}},"6":{"start":{"line":18,"column":0},"end":{"line":21,"column":1}},"7":{"start":{"line":19,"column":1},"end":{"line":19,"column":31}},"8":{"start":{"line":20,"column":1},"end":{"line":20,"column":11}},"9":{"start":{"line":23,"column":0},"end":{"line":23,"column":35}},"10":{"start":{"line":25,"column":0},"end":{"line":65,"column":2}},"11":{"start":{"line":26,"column":1},"end":{"line":32,"column":3}},"12":{"start":{"line":27,"column":2},"end":{"line":27,"column":32}},"13":{"start":{"line":28,"column":2},"end":{"line":31,"column":4}},"14":{"start":{"line":34,"column":1},"end":{"line":37,"column":3}},"15":{"start":{"line":35,"column":2},"end":{"line":35,"column":24}},"16":{"start":{"line":36,"column":2},"end":{"line":36,"column":25}},"17":{"start":{"line":39,"column":1},"end":{"line":50,"column":3}},"18":{"start":{"line":40,"column":2},"end":{"line":43,"column":3}},"19":{"start":{"line":44,"column":2},"end":{"line":44,"column":34}},"20":{"start":{"line":45,"column":2},"end":{"line":49,"column":11}},"21":{"start":{"line":52,"column":1},"end":{"line":59,"column":3}},"22":{"start":{"line":53,"column":2},"end":{"line":56,"column":3}},"23":{"start":{"line":57,"column":2},"end":{"line":57,"column":26}},"24":{"start":{"line":58,"column":2},"end":{"line":58,"column":20}},"25":{"start":{"line":61,"column":1},"end":{"line":64,"column":3}},"26":{"start":{"line":62,"column":2},"end":{"line":62,"column":25}},"27":{"start":{"line":63,"column":2},"end":{"line":63,"column":27}}},"branchMap":{}},"/root/reopt/index.js":{"path":"/root/reopt/index.js","s":{"1":1,"2":1,"3":1,"4":1,"5":1,"6":1,"7":1,"8":1,"9":14,"10":14,"11":18,"12":18,"13":1,"14":5,"15":5,"16":14,"17":1,"18":5,"19":5,"20":4,"21":6,"22":6,"23":1,"24":0,"25":0,"26":0,"27":1,"28":18,"29":18,"30":18,"31":0,"32":18,"33":1,"34":1,"35":1,"36":3,"37":3,"38":1,"39":1,"40":4,"41":4,"42":4,"43":1,"44":7,"45":0,"46":7,"47":7,"48":7,"49":0},"b":{"1":[4,1],"2":[0,18],"3":[0,7],"4":[7,7],"5":[7,0]},"f":{"1":1,"2":14,"3":18,"4":5,"5":14,"6":5,"7":6,"8":0,"9":0,"10":0,"11":18,"12":18,"13":1,"14":3,"15":1,"16":4,"17":4,"18":4,"19":7},"fnMap":{"1":{"name":"Reopt","line":7,"loc":{"start":{"line":7,"column":0},"end":{"line":7,"column":38}}},"2":{"name":"(anonymous_2)","line":14,"loc":{"start":{"line":14,"column":19},"end":{"line":14,"column":44}}},"3":{"name":"(anonymous_3)","line":16,"loc":{"start":{"line":16,"column":26},"end":{"line":16,"column":44}}},"4":{"name":"(anonymous_4)","line":22,"loc":{"start":{"line":22,"column":14},"end":{"line":22,"column":29}}},"5":{"name":"(anonymous_5)","line":24,"loc":{"start":{"line":24,"column":29},"end":{"line":24,"column":48}}},"6":{"name":"(anonymous_6)","line":29,"loc":{"start":{"line":29,"column":12},"end":{"line":29,"column":27}}},"7":{"name":"(anonymous_7)","line":32,"loc":{"start":{"line":32,"column":29},"end":{"line":32,"column":51}}},"8":{"name":"(anonymous_8)","line":40,"loc":{"start":{"line":40,"column":6},"end":{"line":40,"column":17}}},"9":{"name":"(anonymous_9)","line":43,"loc":{"start":{"line":43,"column":12},"end":{"line":43,"column":26}}},"10":{"name":"(anonymous_10)","line":46,"loc":{"start":{"line":46,"column":10},"end":{"line":46,"column":24}}},"11":{"name":"matchTypes","line":51,"loc":{"start":{"line":51,"column":0},"end":{"line":51,"column":32}}},"12":{"name":"(anonymous_12)","line":52,"loc":{"start":{"line":52,"column":22},"end":{"line":52,"column":37}}},"13":{"name":"getTypeDefine","line":59,"loc":{"start":{"line":59,"column":0},"end":{"line":59,"column":35}}},"14":{"name":"(anonymous_14)","line":61,"loc":{"start":{"line":61,"column":30},"end":{"line":61,"column":49}}},"15":{"name":"getOverloads","line":67,"loc":{"start":{"line":67,"column":0},"end":{"line":67,"column":33}}},"16":{"name":"(anonymous_16)","line":68,"loc":{"start":{"line":68,"column":34},"end":{"line":68,"column":53}}},"17":{"name":"(anonymous_17)","line":70,"loc":{"start":{"line":70,"column":5},"end":{"line":70,"column":19}}},"18":{"name":"(anonymous_18)","line":72,"loc":{"start":{"line":72,"column":9},"end":{"line":72,"column":30}}},"19":{"name":"makeArray","line":78,"loc":{"start":{"line":78,"column":0},"end":{"line":78,"column":29}}}},"statementMap":{"1":{"start":{"line":1,"column":0},"end":{"line":1,"column":27}},"2":{"start":{"line":3,"column":0},"end":{"line":3,"column":13}},"3":{"start":{"line":5,"column":0},"end":{"line":5,"column":22}},"4":{"start":{"line":7,"column":0},"end":{"line":10,"column":1}},"5":{"start":{"line":8,"column":1},"end":{"line":8,"column":44}},"6":{"start":{"line":9,"column":1},"end":{"line":9,"column":41}},"7":{"start":{"line":12,"column":0},"end":{"line":12,"column":27}},"8":{"start":{"line":14,"column":0},"end":{"line":20,"column":1}},"9":{"start":{"line":15,"column":1},"end":{"line":15,"column":14}},"10":{"start":{"line":16,"column":1},"end":{"line":19,"column":3}},"11":{"start":{"line":17,"column":2},"end":{"line":17,"column":33}},"12":{"start":{"line":18,"column":2},"end":{"line":18,"column":35}},"13":{"start":{"line":22,"column":0},"end":{"line":27,"column":1}},"14":{"start":{"line":23,"column":1},"end":{"line":23,"column":14}},"15":{"start":{"line":24,"column":1},"end":{"line":26,"column":3}},"16":{"start":{"line":25,"column":2},"end":{"line":25,"column":38}},"17":{"start":{"line":29,"column":0},"end":{"line":37,"column":1}},"18":{"start":{"line":30,"column":1},"end":{"line":30,"column":32}},"19":{"start":{"line":31,"column":1},"end":{"line":36,"column":2}},"20":{"start":{"line":32,"column":3},"end":{"line":35,"column":9}},"21":{"start":{"line":33,"column":4},"end":{"line":33,"column":22}},"22":{"start":{"line":34,"column":4},"end":{"line":34,"column":14}},"23":{"start":{"line":39,"column":0},"end":{"line":49,"column":1}},"24":{"start":{"line":41,"column":2},"end":{"line":41,"column":13}},"25":{"start":{"line":44,"column":2},"end":{"line":44,"column":24}},"26":{"start":{"line":47,"column":2},"end":{"line":47,"column":20}},"27":{"start":{"line":51,"column":0},"end":{"line":57,"column":1}},"28":{"start":{"line":52,"column":1},"end":{"line":56,"column":3}},"29":{"start":{"line":53,"column":2},"end":{"line":53,"column":28}},"30":{"start":{"line":54,"column":2},"end":{"line":54,"column":24}},"31":{"start":{"line":54,"column":10},"end":{"line":54,"column":24}},"32":{"start":{"line":55,"column":2},"end":{"line":55,"column":30}},"33":{"start":{"line":59,"column":0},"end":{"line":65,"column":1}},"34":{"start":{"line":60,"column":1},"end":{"line":60,"column":35}},"35":{"start":{"line":61,"column":1},"end":{"line":64,"column":8}},"36":{"start":{"line":62,"column":2},"end":{"line":62,"column":32}},"37":{"start":{"line":63,"column":2},"end":{"line":63,"column":12}},"38":{"start":{"line":67,"column":0},"end":{"line":76,"column":1}},"39":{"start":{"line":68,"column":1},"end":{"line":75,"column":3}},"40":{"start":{"line":69,"column":2},"end":{"line":69,"column":28}},"41":{"start":{"line":71,"column":2},"end":{"line":71,"column":23}},"42":{"start":{"line":74,"column":2},"end":{"line":74,"column":34}},"43":{"start":{"line":78,"column":0},"end":{"line":83,"column":1}},"44":{"start":{"line":79,"column":1},"end":{"line":79,"column":30}},"45":{"start":{"line":79,"column":20},"end":{"line":79,"column":30}},"46":{"start":{"line":80,"column":1},"end":{"line":80,"column":17}},"47":{"start":{"line":81,"column":1},"end":{"line":81,"column":39}},"48":{"start":{"line":81,"column":18},"end":{"line":81,"column":39}},"49":{"start":{"line":82,"column":1},"end":{"line":82,"column":10}}},"branchMap":{"1":{"line":31,"type":"if","locations":[{"start":{"line":31,"column":1},"end":{"line":31,"column":1}},{"start":{"line":31,"column":1},"end":{"line":31,"column":1}}]},"2":{"line":54,"type":"if","locations":[{"start":{"line":54,"column":2},"end":{"line":54,"column":2}},{"start":{"line":54,"column":2},"end":{"line":54,"column":2}}]},"3":{"line":79,"type":"if","locations":[{"start":{"line":79,"column":1},"end":{"line":79,"column":1}},{"start":{"line":79,"column":1},"end":{"line":79,"column":1}}]},"4":{"line":80,"type":"binary-expr","locations":[{"start":{"line":80,"column":7},"end":{"line":80,"column":10}},{"start":{"line":80,"column":14},"end":{"line":80,"column":17}}]},"5":{"line":81,"type":"if","locations":[{"start":{"line":81,"column":1},"end":{"line":81,"column":1}},{"start":{"line":81,"column":1},"end":{"line":81,"column":1}}]}}}}