TN:
SF:/root/reopt/test.js
FN:18,request
FN:25,(anonymous_2)
FN:26,(anonymous_3)
FN:34,(anonymous_4)
FN:39,(anonymous_5)
FN:52,(anonymous_6)
FN:61,(anonymous_7)
FNF:7
FNH:7
FNDA:5,request
FNDA:1,(anonymous_2)
FNDA:1,(anonymous_3)
FNDA:1,(anonymous_4)
FNDA:1,(anonymous_5)
FNDA:1,(anonymous_6)
FNDA:1,(anonymous_7)
DA:1,1
DA:2,1
DA:3,1
DA:5,1
DA:7,1
DA:18,1
DA:19,5
DA:20,5
DA:23,1
DA:25,1
DA:26,1
DA:27,1
DA:28,1
DA:34,1
DA:35,1
DA:36,1
DA:39,1
DA:40,1
DA:44,1
DA:45,1
DA:52,1
DA:53,1
DA:57,1
DA:58,1
DA:61,1
DA:62,1
DA:63,1
LF:27
LH:27
BRF:0
BRH:0
end_of_record
TN:
SF:/root/reopt/index.js
FN:7,Reopt
FN:14,(anonymous_2)
FN:16,(anonymous_3)
FN:22,(anonymous_4)
FN:24,(anonymous_5)
FN:29,(anonymous_6)
FN:32,(anonymous_7)
FN:40,(anonymous_8)
FN:43,(anonymous_9)
FN:46,(anonymous_10)
FN:51,matchTypes
FN:52,(anonymous_12)
FN:59,getTypeDefine
FN:61,(anonymous_14)
FN:67,getOverloads
FN:68,(anonymous_16)
FN:70,(anonymous_17)
FN:72,(anonymous_18)
FN:78,makeArray
FNF:19
FNH:16
FNDA:1,Reopt
FNDA:14,(anonymous_2)
FNDA:18,(anonymous_3)
FNDA:5,(anonymous_4)
FNDA:14,(anonymous_5)
FNDA:5,(anonymous_6)
FNDA:6,(anonymous_7)
FNDA:0,(anonymous_8)
FNDA:0,(anonymous_9)
FNDA:0,(anonymous_10)
FNDA:18,matchTypes
FNDA:18,(anonymous_12)
FNDA:1,getTypeDefine
FNDA:3,(anonymous_14)
FNDA:1,getOverloads
FNDA:4,(anonymous_16)
FNDA:4,(anonymous_17)
FNDA:4,(anonymous_18)
FNDA:7,makeArray
DA:1,1
DA:3,1
DA:5,1
DA:7,1
DA:8,1
DA:9,1
DA:12,1
DA:14,1
DA:15,14
DA:16,14
DA:17,18
DA:18,18
DA:22,1
DA:23,5
DA:24,5
DA:25,14
DA:29,1
DA:30,5
DA:31,5
DA:32,4
DA:33,6
DA:34,6
DA:39,1
DA:41,0
DA:44,0
DA:47,0
DA:51,1
DA:52,18
DA:53,18
DA:54,18
DA:55,18
DA:59,1
DA:60,1
DA:61,1
DA:62,3
DA:63,3
DA:67,1
DA:68,1
DA:69,4
DA:71,4
DA:74,4
DA:78,1
DA:79,7
DA:80,7
DA:81,7
DA:82,0
LF:46
LH:42
BRDA:31,1,0,4
BRDA:31,1,1,1
BRDA:54,2,0,0
BRDA:54,2,1,18
BRDA:79,3,0,0
BRDA:79,3,1,7
BRDA:80,4,0,7
BRDA:80,4,1,7
BRDA:81,5,0,7
BRDA:81,5,1,0
BRF:10
BRH:7
end_of_record
